<?xml version="1.0" encoding="UTF-8"?>
<testng-results skipped="0" failed="0" ignored="0" total="0" passed="0">
  <reporter-output>
  </reporter-output>
  <suite name="Default suite" duration-ms="467" started-at="2019-04-05T05:36:43Z" finished-at="2019-04-05T05:36:43Z">
    <groups>
    </groups>
    <test name="Default test" duration-ms="467" started-at="2019-04-05T05:36:43Z" finished-at="2019-04-05T05:36:43Z">
      <class name="com.training.sanity.tests.ELTC_093Tests">
        <test-method status="PASS" signature="setUpBeforeClass()[pri:0, instance:com.training.sanity.tests.ELTC_093Tests@3e6fa38a]" name="setUpBeforeClass" is-config="true" duration-ms="22" started-at="2019-04-05T05:36:43Z" finished-at="2019-04-05T05:36:43Z">
          <reporter-output>
          </reporter-output>
        </test-method> <!-- setUpBeforeClass -->
      </class> <!-- com.training.sanity.tests.ELTC_093Tests -->
    </test> <!-- Default test -->
  </suite> <!-- Default suite -->
</testng-results>
